Arguments: 
  D:\software\nodejs\node.exe D:\software\nodejs\node_global\node_modules\yarn\bin\yarn.js add @openzeppelin/contracts/access

PATH: 
  D:\software\VM\bin\;C:\Windows\system32;C:\Windows;C:\Windows\System32\Wbem;C:\Windows\System32\WindowsPowerShell\v1.0\;C:\Windows\System32\OpenSSH\;C:\Program Files (x86)\NVIDIA Corporation\PhysX\Common;C:\Program Files\NVIDIA Corporation\NVIDIA NvDLISR;C:\WINDOWS\system32;C:\WINDOWS;C:\WINDOWS\System32\Wbem;C:\WINDOWS\System32\WindowsPowerShell\v1.0\;C:\WINDOWS\System32\OpenSSH\;D:\software\git\Git\cmd;D:\software\nodejs\;D:\software\nodejs\node_modules;D:\software\GO\bin;C:\Users\98798\AppData\Local\Microsoft\WindowsApps;D:\software\vscode\Microsoft VS Code\bin;D:\software\nodejs\node_global;D:\software\IDEA\IntelliJ IDEA 2022.2.4\bin;;

Yarn version: 
  1.22.19

Node version: 
  18.12.0

Platform: 
  win32 x64

Trace: 
  Error: https://registry.npm.taobao.org/@openzeppelin%2fcontracts/access: [NOT_FOUND] @openzeppelin/contracts@access not found
      at params.callback [as _callback] (D:\software\nodejs\node_global\node_modules\yarn\lib\cli.js:66145:18)
      at self.callback (D:\software\nodejs\node_global\node_modules\yarn\lib\cli.js:140890:22)
      at Request.emit (node:events:513:28)
      at Request.<anonymous> (D:\software\nodejs\node_global\node_modules\yarn\lib\cli.js:141862:10)
      at Request.emit (node:events:513:28)
      at Gunzip.<anonymous> (D:\software\nodejs\node_global\node_modules\yarn\lib\cli.js:141784:12)
      at Object.onceWrapper (node:events:627:28)
      at Gunzip.emit (node:events:513:28)
      at endReadableNT (node:internal/streams/readable:1359:12)
      at process.processTicksAndRejections (node:internal/process/task_queues:82:21)

npm manifest: 
  {
    "name": "stake",
    "version": "1.0.0",
    "description": "",
    "main": "index.js",
    "scripts": {
      "test": "echo \"Error: no test specified\" && exit 1"
    },
    "author": "",
    "license": "ISC"
  }

yarn manifest: 
  No manifest

Lockfile: 
  # THIS IS AN AUTOGENERATED FILE. DO NOT EDIT THIS FILE DIRECTLY.
  # yarn lockfile v1
